[0;34m========================================[0m
[0;34m  Almanac Alarm - Build & Deploy[0m
[0;34m========================================[0m

[0;34m🔧 Environment Setup[0m
Project: /home/randy/almanacalarm
Android SDK: /home/randy/Android/Sdk
Deploy to: /home/randy/Dropbox

[0;34m🧹 Cleaning previous builds...[0m
:notifee_react-native @notifee/react-native found at /home/randy/almanacalarm/node_modules/@notifee/react-native
:notifee_react-native package.json found at /home/randy/almanacalarm/node_modules/@notifee/react-native/package.json
:notifee_react-native:version set from package.json: 9.1.8 (9,1,8 - 9001008)
:notifee_react-native:android.compileSdk using custom value: 35
:notifee_react-native:android.targetSdk using custom value: 35
:notifee_react-native:android.minSdk using custom value: 24
:notifee_react-native:reactNativeAndroidDir /home/randy/almanacalarm/node_modules/react-native
[0;32m✅ Clean completed[0m

[0;34m🔨 Building Debug APK...[0m
:notifee_react-native @notifee/react-native found at /home/randy/almanacalarm/node_modules/@notifee/react-native
:notifee_react-native package.json found at /home/randy/almanacalarm/node_modules/@notifee/react-native/package.json
:notifee_react-native:version set from package.json: 9.1.8 (9,1,8 - 9001008)
:notifee_react-native:android.compileSdk using custom value: 35
:notifee_react-native:android.targetSdk using custom value: 35
:notifee_react-native:android.minSdk using custom value: 24
:notifee_react-native:reactNativeAndroidDir /home/randy/almanacalarm/node_modules/react-native
/home/randy/almanacalarm/node_modules/@notifee/react-native/android/src/main/java/io/invertase/notifee/NotifeeApiModule.java:42: warning: [removal] onCatalystInstanceDestroy() in NativeModule has been deprecated and marked for removal
  public void onCatalystInstanceDestroy() {
              ^
Note: Some input files use or override a deprecated API.
Note: Recompile with -Xlint:deprecation for details.
1 warning
Note: Some input files use or override a deprecated API.
Note: Recompile with -Xlint:deprecation for details.
Note: /home/randy/almanacalarm/node_modules/@react-native-async-storage/async-storage/android/src/javaPackage/java/com/reactnativecommunity/asyncstorage/AsyncStoragePackage.java uses unchecked or unsafe operations.
Note: Recompile with -Xlint:unchecked for details.
Note: /home/randy/almanacalarm/node_modules/react-native-background-actions/android/src/main/java/com/asterinet/react/bgactions/BackgroundActionsPackage.java uses or overrides a deprecated API.
Note: Recompile with -Xlint:deprecation for details.
Note: Some input files use or override a deprecated API.
Note: Recompile with -Xlint:deprecation for details.
Note: Some input files use or override a deprecated API.
Note: Recompile with -Xlint:deprecation for details.
Note: Some input files use or override a deprecated API.
Note: Recompile with -Xlint:deprecation for details.
/home/randy/almanacalarm/node_modules/react-native-tts/android/src/main/java/net/no_mad/tts/TextToSpeechModule.java:441: warning: [removal] onCatalystInstanceDestroy() in NativeModule has been deprecated and marked for removal
    public void onCatalystInstanceDestroy() {
                ^
/home/randy/almanacalarm/node_modules/react-native-tts/android/src/main/java/net/no_mad/tts/TextToSpeechModule.java:442: warning: [removal] onCatalystInstanceDestroy() in NativeModule has been deprecated and marked for removal
        super.onCatalystInstanceDestroy();
             ^
Note: Some input files use or override a deprecated API.
Note: Recompile with -Xlint:deprecation for details.
Note: /home/randy/almanacalarm/node_modules/react-native-tts/android/src/main/java/net/no_mad/tts/TextToSpeechModule.java uses unchecked or unsafe operations.
Note: Recompile with -Xlint:unchecked for details.
2 warnings
[0;32m✅ Debug build completed[0m

[0;34m🚀 Building Release APK...[0m
:notifee_react-native @notifee/react-native found at /home/randy/almanacalarm/node_modules/@notifee/react-native
:notifee_react-native package.json found at /home/randy/almanacalarm/node_modules/@notifee/react-native/package.json
:notifee_react-native:version set from package.json: 9.1.8 (9,1,8 - 9001008)
:notifee_react-native:android.compileSdk using custom value: 35
:notifee_react-native:android.targetSdk using custom value: 35
:notifee_react-native:android.minSdk using custom value: 24
:notifee_react-native:reactNativeAndroidDir /home/randy/almanacalarm/node_modules/react-native
/home/randy/almanacalarm/node_modules/@notifee/react-native/android/src/main/java/io/invertase/notifee/NotifeeApiModule.java:42: warning: [removal] onCatalystInstanceDestroy() in NativeModule has been deprecated and marked for removal
  public void onCatalystInstanceDestroy() {
              ^
Note: Some input files use or override a deprecated API.
Note: Recompile with -Xlint:deprecation for details.
1 warning
Note: Some input files use or override a deprecated API.
Note: Recompile with -Xlint:deprecation for details.
Note: Some input files use or override a deprecated API.
Note: Recompile with -Xlint:deprecation for details.
Note: /home/randy/almanacalarm/node_modules/@react-native-async-storage/async-storage/android/src/javaPackage/java/com/reactnativecommunity/asyncstorage/AsyncStoragePackage.java uses unchecked or unsafe operations.
Note: Recompile with -Xlint:unchecked for details.
Note: /home/randy/almanacalarm/node_modules/react-native-background-actions/android/src/main/java/com/asterinet/react/bgactions/BackgroundActionsPackage.java uses or overrides a deprecated API.
Note: Recompile with -Xlint:deprecation for details.
Note: Some input files use or override a deprecated API.
Note: Recompile with -Xlint:deprecation for details.
Note: Some input files use or override a deprecated API.
Note: Recompile with -Xlint:deprecation for details.
/home/randy/almanacalarm/node_modules/react-native-tts/android/src/main/java/net/no_mad/tts/TextToSpeechModule.java:441: warning: [removal] onCatalystInstanceDestroy() in NativeModule has been deprecated and marked for removal
    public void onCatalystInstanceDestroy() {
                ^
/home/randy/almanacalarm/node_modules/react-native-tts/android/src/main/java/net/no_mad/tts/TextToSpeechModule.java:442: warning: [removal] onCatalystInstanceDestroy() in NativeModule has been deprecated and marked for removal
        super.onCatalystInstanceDestroy();
             ^
Note: Some input files use or override a deprecated API.
Note: Recompile with -Xlint:deprecation for details.
Note: /home/randy/almanacalarm/node_modules/react-native-tts/android/src/main/java/net/no_mad/tts/TextToSpeechModule.java uses unchecked or unsafe operations.
Note: Recompile with -Xlint:unchecked for details.
2 warnings

                        ▒▒▓▓▓▓▒▒
                     ▒▓▓▓▒▒░░▒▒▓▓▓▒
                  ▒▓▓▓▓░░░▒▒▒▒░░░▓▓▓▓▒
                 ▓▓▒▒▒▓▓▓▓▓▓▓▓▓▓▓▓▒▒▒▓▓
                 ▓▓░░░░░▒▓▓▓▓▓▓▒░░░░░▓▓
                 ▓▓░░▓▓▒░░░▒▒░░░▒▓▒░░▓▓
                 ▓▓░░▓▓▓▓▓▒▒▒▒▓▓▓▓▒░░▓▓
                 ▓▓░░▓▓▓▓▓▓▓▓▓▓▓▓▓▒░░▓▓
                 ▓▓▒░░▒▒▓▓▓▓▓▓▓▓▒░░░▒▓▓
                  ▒▓▓▓▒░░░▒▓▓▒░░░▒▓▓▓▒
                     ▒▓▓▓▒░░░░▒▓▓▓▒
                        ▒▒▓▓▓▓▒▒


 WARN  the transform cache was reset.
                Welcome to Metro v0.83.3
              Fast - Scalable - Integrated


LOG:Writing bundle output to: /home/randy/almanacalarm/android/app/build/generated/assets/createBundleReleaseJsAndAssets/index.android.bundle
LOG:Writing sourcemap output to: /home/randy/almanacalarm/android/app/build/intermediates/sourcemaps/react/release/index.android.bundle.packager.map
LOG:Done writing bundle output
LOG:Done writing sourcemap output
Copying 19 asset files
Done copying assets
[0;32m✅ Release build completed[0m

[0;34m📱 Copying APKs to deployment directory...[0m
[0;32m✅ APKs copied successfully![0m

[0;34m📊 Build Summary[0m
----------------------------------------
[0;33mDebug APK:[0m
  File: AlmanacAlarm_debug_20251014_145425.apk
  Size: 119M
  Location: /home/randy/Dropbox/AlmanacAlarm_debug_20251014_145425.apk

[0;33mRelease APK (Recommended):[0m
  File: AlmanacAlarm_release_20251014_145425.apk
  Size: 56M
  Location: /home/randy/Dropbox/AlmanacAlarm_release_20251014_145425.apk

[0;32m🎉 Build and deployment completed successfully![0m

[0;34m📲 Next Steps:[0m
1. Open Dropbox on your phone or computer
2. Download the AlmanacAlarm_release.apk file (recommended)
3. Install on your Android phone
4. Enable 'Install from Unknown Sources' if prompted

[0;34m⏰ App Features:[0m
• Voice-based alarm announcements
• Current time and date
• Weather conditions (temperature, humidity, wind)
• Sunrise and sunset times
• Tide predictions for next 24 hours
• Air quality information
• Location-based data
• Dark/light mode support

[0;32mGood morning! ⏰🌅[0m
